time="2023-03-09 14:02:42" level="info" msg="ImportDataWithHttp: API call ImportDataWithHttp"
time="2023-03-09 14:02:42" level="info" msg="ImportData: API call ImportData"
time="2023-03-09 14:02:42" level="info" msg="ImportData: API call ImportData"
time="2023-03-09 14:02:42" level="info" msg="ImportData: API call ImportData"
time="2023-03-09 14:04:15" level="info" msg="GetData - API call GetData "
time="2023-03-09 14:04:15" level="info" msg="GetData - Value Database "
time="2023-03-13 09:06:45" level="fatal" msg="InitMySqlDb - Open Mysql error: Error 1045 (28000): Access denied for user 'nhatnt'@'localhost' (using password: YES)"
time="2023-03-13 09:07:09" level="fatal" msg="InitMySqlDb - Open Mysql error: Error 1045 (28000): Access denied for user 'nhatnt'@'localhost' (using password: YES)"
time="2023-03-13 09:07:30" level="info" msg="Successfully server_mongodb connected"
time="2023-03-13 09:07:36" level="info" msg="ImportDataWithHttp: API call ImportDataWithHttp"
time="2023-03-13 09:07:36" level="error" msg="ImportDataWithHttp: Failed to retrieve file from form data"
time="2023-03-13 09:08:42" level="info" msg="Successfully server_mongodb connected"
time="2023-03-13 09:08:45" level="info" msg="ImportDataWithHttp: API call ImportDataWithHttp"
time="2023-03-13 09:08:45" level="error" msg="ImportDataWithHttp: Failed to retrieve file from form data"
time="2023-03-13 09:09:30" level="info" msg="ImportDataWithHttp: API call ImportDataWithHttp"
time="2023-03-13 09:09:41" level="info" msg="Successfully server_mongodb connected"
time="2023-03-13 09:09:45" level="info" msg="ImportDataWithHttp: API call ImportDataWithHttp"
time="2023-03-13 09:22:40" level="info" msg="Successfully server_mongodb connected"
time="2023-03-13 09:22:44" level="info" msg="ImportDataWithHttp: API call ImportDataWithHttp"
time="2023-03-13 09:22:56" level="info" msg="ImportDataWithHttp: API call ImportDataWithHttp"
time="2023-03-13 09:24:18" level="info" msg="Successfully server_mongodb connected"
time="2023-03-13 09:24:35" level="info" msg="Successfully server_mongodb connected"
time="2023-03-13 09:25:14" level="info" msg="ImportDataWithHttp: API call ImportDataWithHttp"
